[ 2016-07-01T23:30:44+08:00 ] 127.0.0.1 /permission/add.html
INFO: [ app_init ] --START--
INFO: Run Behavior\BuildLiteBehavior [ RunTime:0.000000s ]
INFO: [ app_init ] --END-- [ RunTime:0.000000s ]
INFO: [ app_begin ] --START--
INFO: Run Behavior\ReadHtmlCacheBehavior [ RunTime:0.001000s ]
INFO: [ app_begin ] --END-- [ RunTime:0.001000s ]
SQL: SHOW COLUMNS FROM `permission` [ RunTime:0.0050s ]
SQL: SELECT * FROM `permission` WHERE `status` = 1 ORDER BY lft  [ RunTime:0.0010s ]
INFO: [ view_parse ] --START--
INFO: [ template_filter ] --START--
INFO: Run Behavior\ContentReplaceBehavior [ RunTime:0.000000s ]
INFO: [ template_filter ] --END-- [ RunTime:0.000000s ]
NOTIC: [8] Undefined variable: row F:\www.zyxm\admin.zyxm.com\Application\Runtime\Cache\Admin\9b15ad908d000eab62ade51e5cbf4b7e.php 第 36 行.
NOTIC: [8] Undefined variable: row F:\www.zyxm\admin.zyxm.com\Application\Runtime\Cache\Admin\9b15ad908d000eab62ade51e5cbf4b7e.php 第 43 行.
NOTIC: [8] Undefined variable: row F:\www.zyxm\admin.zyxm.com\Application\Runtime\Cache\Admin\9b15ad908d000eab62ade51e5cbf4b7e.php 第 57 行.
NOTIC: [8] Undefined variable: row F:\www.zyxm\admin.zyxm.com\Application\Runtime\Cache\Admin\9b15ad908d000eab62ade51e5cbf4b7e.php 第 75 行.
INFO: Run Behavior\ParseTemplateBehavior [ RunTime:0.011001s ]
INFO: [ view_parse ] --END-- [ RunTime:0.011001s ]
INFO: [ view_filter ] --START--
INFO: Run Behavior\WriteHtmlCacheBehavior [ RunTime:0.000000s ]
INFO: [ view_filter ] --END-- [ RunTime:0.000000s ]
INFO: [ app_end ] --START--
INFO: Run Behavior\ShowPageTraceBehavior [ RunTime:0.001000s ]
INFO: [ app_end ] --END-- [ RunTime:0.001000s ]

[ 2016-07-01T23:30:45+08:00 ] 127.0.0.1 /permission/add.html
INFO: [ app_init ] --START--
INFO: Run Behavior\BuildLiteBehavior [ RunTime:0.000000s ]
INFO: [ app_init ] --END-- [ RunTime:0.000000s ]
INFO: [ app_begin ] --START--
INFO: Run Behavior\ReadHtmlCacheBehavior [ RunTime:0.000000s ]
INFO: [ app_begin ] --END-- [ RunTime:0.000000s ]
SQL: SELECT * FROM `permission` WHERE `status` = 1 ORDER BY lft  [ RunTime:0.0010s ]
INFO: [ view_parse ] --START--
INFO: [ template_filter ] --START--
INFO: Run Behavior\ContentReplaceBehavior [ RunTime:0.000000s ]
INFO: [ template_filter ] --END-- [ RunTime:0.000000s ]
NOTIC: [8] Undefined variable: row F:\www.zyxm\admin.zyxm.com\Application\Runtime\Cache\Admin\9b15ad908d000eab62ade51e5cbf4b7e.php 第 36 行.
NOTIC: [8] Undefined variable: row F:\www.zyxm\admin.zyxm.com\Application\Runtime\Cache\Admin\9b15ad908d000eab62ade51e5cbf4b7e.php 第 43 行.
NOTIC: [8] Undefined variable: row F:\www.zyxm\admin.zyxm.com\Application\Runtime\Cache\Admin\9b15ad908d000eab62ade51e5cbf4b7e.php 第 57 行.
NOTIC: [8] Undefined variable: row F:\www.zyxm\admin.zyxm.com\Application\Runtime\Cache\Admin\9b15ad908d000eab62ade51e5cbf4b7e.php 第 75 行.
INFO: Run Behavior\ParseTemplateBehavior [ RunTime:0.009001s ]
INFO: [ view_parse ] --END-- [ RunTime:0.009001s ]
INFO: [ view_filter ] --START--
INFO: Run Behavior\WriteHtmlCacheBehavior [ RunTime:0.000000s ]
INFO: [ view_filter ] --END-- [ RunTime:0.000000s ]
INFO: [ app_end ] --START--
INFO: Run Behavior\ShowPageTraceBehavior [ RunTime:0.001000s ]
INFO: [ app_end ] --END-- [ RunTime:0.001000s ]

[ 2016-07-01T23:31:23+08:00 ] 127.0.0.1 /Goods/
INFO: [ app_init ] --START--
INFO: Run Behavior\BuildLiteBehavior [ RunTime:0.000000s ]
INFO: [ app_init ] --END-- [ RunTime:0.000000s ]
INFO: [ app_begin ] --START--
INFO: Run Behavior\ReadHtmlCacheBehavior [ RunTime:0.000000s ]
INFO: [ app_begin ] --END-- [ RunTime:0.001000s ]
SQL: SHOW COLUMNS FROM `goods` [ RunTime:0.0050s ]
SQL: SELECT COUNT(*) AS tp_count FROM `goods` WHERE `status` = 1 LIMIT 1   [ RunTime:0.0010s ]
SQL: SELECT * FROM `goods` WHERE `status` = 1 LIMIT 0,20   [ RunTime:0.0000s ]
SQL: SHOW COLUMNS FROM `goods_category` [ RunTime:0.0060s ]
SQL: SELECT * FROM `goods_category` WHERE `status` >= 0 ORDER BY lft asc  [ RunTime:0.0000s ]
SQL: SHOW COLUMNS FROM `brand` [ RunTime:0.0060s ]
SQL: SELECT * FROM `brand` WHERE `status` > 0  [ RunTime:0.0000s ]
INFO: [ view_parse ] --START--
INFO: [ template_filter ] --START--
INFO: Run Behavior\ContentReplaceBehavior [ RunTime:0.000000s ]
INFO: [ template_filter ] --END-- [ RunTime:0.000000s ]
INFO: Run Behavior\ParseTemplateBehavior [ RunTime:0.011001s ]
INFO: [ view_parse ] --END-- [ RunTime:0.011001s ]
INFO: [ view_filter ] --START--
INFO: Run Behavior\WriteHtmlCacheBehavior [ RunTime:0.000000s ]
INFO: [ view_filter ] --END-- [ RunTime:0.001000s ]
INFO: [ app_end ] --START--
INFO: Run Behavior\ShowPageTraceBehavior [ RunTime:0.001000s ]
INFO: [ app_end ] --END-- [ RunTime:0.001000s ]

[ 2016-07-01T23:31:23+08:00 ] 127.0.0.1 /favicon.ico
INFO: [ app_init ] --START--
INFO: Run Behavior\BuildLiteBehavior [ RunTime:0.000000s ]
INFO: [ app_init ] --END-- [ RunTime:0.000000s ]

[ 2016-07-01T23:31:29+08:00 ] 127.0.0.1 /permission/add.html
INFO: [ app_init ] --START--
INFO: Run Behavior\BuildLiteBehavior [ RunTime:0.000000s ]
INFO: [ app_init ] --END-- [ RunTime:0.001000s ]
INFO: [ app_begin ] --START--
INFO: Run Behavior\ReadHtmlCacheBehavior [ RunTime:0.001000s ]
INFO: [ app_begin ] --END-- [ RunTime:0.001000s ]
SQL: SELECT * FROM `permission` WHERE `status` = 1 ORDER BY lft  [ RunTime:0.0010s ]
INFO: [ view_parse ] --START--
INFO: [ template_filter ] --START--
INFO: Run Behavior\ContentReplaceBehavior [ RunTime:0.000000s ]
INFO: [ template_filter ] --END-- [ RunTime:0.000000s ]
NOTIC: [8] Undefined variable: row F:\www.zyxm\admin.zyxm.com\Application\Runtime\Cache\Admin\9b15ad908d000eab62ade51e5cbf4b7e.php 第 36 行.
NOTIC: [8] Undefined variable: row F:\www.zyxm\admin.zyxm.com\Application\Runtime\Cache\Admin\9b15ad908d000eab62ade51e5cbf4b7e.php 第 43 行.
NOTIC: [8] Undefined variable: row F:\www.zyxm\admin.zyxm.com\Application\Runtime\Cache\Admin\9b15ad908d000eab62ade51e5cbf4b7e.php 第 57 行.
NOTIC: [8] Undefined variable: row F:\www.zyxm\admin.zyxm.com\Application\Runtime\Cache\Admin\9b15ad908d000eab62ade51e5cbf4b7e.php 第 75 行.
INFO: Run Behavior\ParseTemplateBehavior [ RunTime:0.009001s ]
INFO: [ view_parse ] --END-- [ RunTime:0.009001s ]
INFO: [ view_filter ] --START--
INFO: Run Behavior\WriteHtmlCacheBehavior [ RunTime:0.000000s ]
INFO: [ view_filter ] --END-- [ RunTime:0.000000s ]
INFO: [ app_end ] --START--
INFO: Run Behavior\ShowPageTraceBehavior [ RunTime:0.001000s ]
INFO: [ app_end ] --END-- [ RunTime:0.001000s ]

[ 2016-07-01T23:31:38+08:00 ] 127.0.0.1 /permission/add.html
INFO: [ app_init ] --START--
INFO: Run Behavior\BuildLiteBehavior [ RunTime:0.000000s ]
INFO: [ app_init ] --END-- [ RunTime:0.000000s ]
INFO: [ app_begin ] --START--
INFO: Run Behavior\ReadHtmlCacheBehavior [ RunTime:0.001001s ]
INFO: [ app_begin ] --END-- [ RunTime:0.001001s ]
NOTIC: [8] Undefined index: validate F:\www.zyxm\ThinkPHP\Library\Think\Model.class.php 第 1185 行.
NOTIC: [8] Undefined index: auto F:\www.zyxm\ThinkPHP\Library\Think\Model.class.php 第 1128 行.
NOTIC: [4096] Argument 2 passed to Admin\Logic\MySQLLogic::getRow() must be of the type array, string given, called in F:\www.zyxm\admin.zyxm.com\Application\Admin\Logic\NestedSets.class.php on line 573 and defined F:\www.zyxm\admin.zyxm.com\Application\Admin\Logic\MySQLLogic.class.php 第 181 行.
SQL: SELECT parent_id, lft, rght, level FROM permission WHERE id = 0 [ RunTime:0.0000s ]
NOTIC: [4096] Argument 2 passed to Admin\Logic\MySQLLogic::getOne() must be of the type array, string given, called in F:\www.zyxm\admin.zyxm.com\Application\Admin\Logic\NestedSets.class.php on line 196 and defined F:\www.zyxm\admin.zyxm.com\Application\Admin\Logic\MySQLLogic.class.php 第 222 行.
SQL: SELECT MAX(rght) FROM permission [ RunTime:0.0000s ]
NOTIC: [4096] Argument 2 passed to Admin\Logic\MySQLLogic::query() must be of the type array, string given, called in F:\www.zyxm\admin.zyxm.com\Application\Admin\Logic\NestedSets.class.php on line 225 and defined F:\www.zyxm\admin.zyxm.com\Application\Admin\Logic\MySQLLogic.class.php 第 67 行.
SQL: UPDATE permission SET rght = rght + 2, lft = IF(lft >= 1, lft + 2, lft) WHERE rght >= 1 [ RunTime:0.0000s ]
NOTIC: [4096] Argument 2 passed to Admin\Logic\MySQLLogic::insert() must be of the type array, string given, called in F:\www.zyxm\admin.zyxm.com\Application\Admin\Logic\NestedSets.class.php on line 233 and defined F:\www.zyxm\admin.zyxm.com\Application\Admin\Logic\MySQLLogic.class.php 第 102 行.
SQL: INSERT INTO permission SET name="电脑",path="admin\permission",parent_id="0",intro="aaaaaaaaaaa",sort="50",status="1",lft="1",rght="2",level="1" [ RunTime:0.0010s ]
INFO: [ view_parse ] --START--
INFO: [ template_filter ] --START--
INFO: Run Behavior\ContentReplaceBehavior [ RunTime:0.000000s ]
INFO: [ template_filter ] --END-- [ RunTime:0.000000s ]
INFO: Run Behavior\ParseTemplateBehavior [ RunTime:0.007000s ]
INFO: [ view_parse ] --END-- [ RunTime:0.007000s ]
INFO: [ view_filter ] --START--
INFO: Run Behavior\WriteHtmlCacheBehavior [ RunTime:0.001000s ]
INFO: [ view_filter ] --END-- [ RunTime:0.001000s ]
INFO: [ app_end ] --START--
INFO: Run Behavior\ShowPageTraceBehavior [ RunTime:0.001000s ]
INFO: [ app_end ] --END-- [ RunTime:0.001000s ]

[ 2016-07-01T23:31:39+08:00 ] 127.0.0.1 /permission/index.html
INFO: [ app_init ] --START--
INFO: Run Behavior\BuildLiteBehavior [ RunTime:0.000000s ]
INFO: [ app_init ] --END-- [ RunTime:0.000000s ]
INFO: [ app_begin ] --START--
INFO: Run Behavior\ReadHtmlCacheBehavior [ RunTime:0.001000s ]
INFO: [ app_begin ] --END-- [ RunTime:0.001000s ]
SQL: SELECT * FROM `permission` WHERE `status` = 1 ORDER BY lft  [ RunTime:0.0010s ]
ERR: 模板不存在:F:\www.zyxm\admin.zyxm.com//Application/Admin/View/Permission/index.html

[ 2016-07-01T23:32:28+08:00 ] 127.0.0.1 /permission/index.html
INFO: [ app_init ] --START--
INFO: Run Behavior\BuildLiteBehavior [ RunTime:0.000000s ]
INFO: [ app_init ] --END-- [ RunTime:0.000000s ]
INFO: [ app_begin ] --START--
INFO: Run Behavior\ReadHtmlCacheBehavior [ RunTime:0.000000s ]
INFO: [ app_begin ] --END-- [ RunTime:0.001000s ]
SQL: SELECT * FROM `permission` WHERE `status` = 1 ORDER BY lft  [ RunTime:0.0000s ]
INFO: [ view_parse ] --START--
INFO: [ template_filter ] --START--
INFO: Run Behavior\ContentReplaceBehavior [ RunTime:0.000000s ]
INFO: [ template_filter ] --END-- [ RunTime:0.000000s ]
NOTIC: [8] Undefined variable: rows F:\www.zyxm\admin.zyxm.com\Application\Runtime\Cache\Admin\06c2f841125b3702249d28096c2ad21e.php 第 29 行.
INFO: Run Behavior\ParseTemplateBehavior [ RunTime:0.010000s ]
INFO: [ view_parse ] --END-- [ RunTime:0.010000s ]
INFO: [ view_filter ] --START--
INFO: Run Behavior\WriteHtmlCacheBehavior [ RunTime:0.000000s ]
INFO: [ view_filter ] --END-- [ RunTime:0.000000s ]
INFO: [ app_end ] --START--
INFO: Run Behavior\ShowPageTraceBehavior [ RunTime:0.001000s ]
INFO: [ app_end ] --END-- [ RunTime:0.001000s ]

[ 2016-07-01T23:32:31+08:00 ] 127.0.0.1 /permission/index.html
INFO: [ app_init ] --START--
INFO: Run Behavior\BuildLiteBehavior [ RunTime:0.001000s ]
INFO: [ app_init ] --END-- [ RunTime:0.001000s ]
INFO: [ app_begin ] --START--
INFO: Run Behavior\ReadHtmlCacheBehavior [ RunTime:0.001000s ]
INFO: [ app_begin ] --END-- [ RunTime:0.001000s ]
SQL: SELECT * FROM `permission` WHERE `status` = 1 ORDER BY lft  [ RunTime:0.0010s ]
INFO: [ view_parse ] --START--
INFO: [ template_filter ] --START--
INFO: Run Behavior\ContentReplaceBehavior [ RunTime:0.000000s ]
INFO: [ template_filter ] --END-- [ RunTime:0.000000s ]
NOTIC: [8] Undefined variable: rows F:\www.zyxm\admin.zyxm.com\Application\Runtime\Cache\Admin\06c2f841125b3702249d28096c2ad21e.php 第 29 行.
INFO: Run Behavior\ParseTemplateBehavior [ RunTime:0.010000s ]
INFO: [ view_parse ] --END-- [ RunTime:0.010000s ]
INFO: [ view_filter ] --START--
INFO: Run Behavior\WriteHtmlCacheBehavior [ RunTime:0.000000s ]
INFO: [ view_filter ] --END-- [ RunTime:0.000000s ]
INFO: [ app_end ] --START--
INFO: Run Behavior\ShowPageTraceBehavior [ RunTime:0.001000s ]
INFO: [ app_end ] --END-- [ RunTime:0.001000s ]

[ 2016-07-01T23:33:12+08:00 ] 127.0.0.1 /permission/index.html
INFO: [ app_init ] --START--
INFO: Run Behavior\BuildLiteBehavior [ RunTime:0.000000s ]
INFO: [ app_init ] --END-- [ RunTime:0.000000s ]
INFO: [ app_begin ] --START--
INFO: Run Behavior\ReadHtmlCacheBehavior [ RunTime:0.000000s ]
INFO: [ app_begin ] --END-- [ RunTime:0.000000s ]
SQL: SELECT * FROM `permission` WHERE `status` = 1 ORDER BY lft  [ RunTime:0.0000s ]
INFO: [ view_parse ] --START--
INFO: [ template_filter ] --START--
INFO: Run Behavior\ContentReplaceBehavior [ RunTime:0.000000s ]
INFO: [ template_filter ] --END-- [ RunTime:0.000000s ]
INFO: Run Behavior\ParseTemplateBehavior [ RunTime:0.011001s ]
INFO: [ view_parse ] --END-- [ RunTime:0.011001s ]
INFO: [ view_filter ] --START--
INFO: Run Behavior\WriteHtmlCacheBehavior [ RunTime:0.000000s ]
INFO: [ view_filter ] --END-- [ RunTime:0.000000s ]
INFO: [ app_end ] --START--
INFO: Run Behavior\ShowPageTraceBehavior [ RunTime:0.000000s ]
INFO: [ app_end ] --END-- [ RunTime:0.001000s ]

[ 2016-07-01T23:33:20+08:00 ] 127.0.0.1 /permission/edit/id/5.html
INFO: [ app_init ] --START--
INFO: Run Behavior\BuildLiteBehavior [ RunTime:0.000000s ]
INFO: [ app_init ] --END-- [ RunTime:0.000000s ]
INFO: [ app_begin ] --START--
INFO: Run Behavior\ReadHtmlCacheBehavior [ RunTime:0.001000s ]
INFO: [ app_begin ] --END-- [ RunTime:0.001000s ]
INFO: [ view_parse ] --START--
INFO: [ template_filter ] --START--
INFO: Run Behavior\ContentReplaceBehavior [ RunTime:0.000000s ]
INFO: [ template_filter ] --END-- [ RunTime:0.000000s ]
NOTIC: [8] Undefined variable: row F:\www.zyxm\admin.zyxm.com\Application\Runtime\Cache\Admin\9b15ad908d000eab62ade51e5cbf4b7e.php 第 36 行.
NOTIC: [8] Undefined variable: row F:\www.zyxm\admin.zyxm.com\Application\Runtime\Cache\Admin\9b15ad908d000eab62ade51e5cbf4b7e.php 第 43 行.
NOTIC: [8] Undefined variable: row F:\www.zyxm\admin.zyxm.com\Application\Runtime\Cache\Admin\9b15ad908d000eab62ade51e5cbf4b7e.php 第 57 行.
NOTIC: [8] Undefined variable: row F:\www.zyxm\admin.zyxm.com\Application\Runtime\Cache\Admin\9b15ad908d000eab62ade51e5cbf4b7e.php 第 75 行.
NOTIC: [8] Undefined variable: permissions F:\www.zyxm\admin.zyxm.com\Application\Runtime\Cache\Admin\9b15ad908d000eab62ade51e5cbf4b7e.php 第 110 行.
INFO: Run Behavior\ParseTemplateBehavior [ RunTime:0.008000s ]
INFO: [ view_parse ] --END-- [ RunTime:0.009000s ]
INFO: [ view_filter ] --START--
INFO: Run Behavior\WriteHtmlCacheBehavior [ RunTime:0.001000s ]
INFO: [ view_filter ] --END-- [ RunTime:0.001000s ]
INFO: [ app_end ] --START--
INFO: Run Behavior\ShowPageTraceBehavior [ RunTime:0.001000s ]
INFO: [ app_end ] --END-- [ RunTime:0.001000s ]

[ 2016-07-01T23:33:24+08:00 ] 127.0.0.1 /permission/edit/id/5.html
INFO: [ app_init ] --START--
INFO: Run Behavior\BuildLiteBehavior [ RunTime:0.000000s ]
INFO: [ app_init ] --END-- [ RunTime:0.000000s ]
INFO: [ app_begin ] --START--
INFO: Run Behavior\ReadHtmlCacheBehavior [ RunTime:0.001000s ]
INFO: [ app_begin ] --END-- [ RunTime:0.001000s ]
INFO: [ view_parse ] --START--
INFO: [ template_filter ] --START--
INFO: Run Behavior\ContentReplaceBehavior [ RunTime:0.000000s ]
INFO: [ template_filter ] --END-- [ RunTime:0.000000s ]
NOTIC: [8] Undefined variable: row F:\www.zyxm\admin.zyxm.com\Application\Runtime\Cache\Admin\9b15ad908d000eab62ade51e5cbf4b7e.php 第 36 行.
NOTIC: [8] Undefined variable: row F:\www.zyxm\admin.zyxm.com\Application\Runtime\Cache\Admin\9b15ad908d000eab62ade51e5cbf4b7e.php 第 43 行.
NOTIC: [8] Undefined variable: row F:\www.zyxm\admin.zyxm.com\Application\Runtime\Cache\Admin\9b15ad908d000eab62ade51e5cbf4b7e.php 第 57 行.
NOTIC: [8] Undefined variable: row F:\www.zyxm\admin.zyxm.com\Application\Runtime\Cache\Admin\9b15ad908d000eab62ade51e5cbf4b7e.php 第 75 行.
NOTIC: [8] Undefined variable: permissions F:\www.zyxm\admin.zyxm.com\Application\Runtime\Cache\Admin\9b15ad908d000eab62ade51e5cbf4b7e.php 第 110 行.
INFO: Run Behavior\ParseTemplateBehavior [ RunTime:0.009001s ]
INFO: [ view_parse ] --END-- [ RunTime:0.009001s ]
INFO: [ view_filter ] --START--
INFO: Run Behavior\WriteHtmlCacheBehavior [ RunTime:0.001000s ]
INFO: [ view_filter ] --END-- [ RunTime:0.001000s ]
INFO: [ app_end ] --START--
INFO: Run Behavior\ShowPageTraceBehavior [ RunTime:0.000000s ]
INFO: [ app_end ] --END-- [ RunTime:0.001000s ]

[ 2016-07-01T23:33:28+08:00 ] 127.0.0.1 /permission/add.html
INFO: [ app_init ] --START--
INFO: Run Behavior\BuildLiteBehavior [ RunTime:0.000000s ]
INFO: [ app_init ] --END-- [ RunTime:0.000000s ]
INFO: [ app_begin ] --START--
INFO: Run Behavior\ReadHtmlCacheBehavior [ RunTime:0.001000s ]
INFO: [ app_begin ] --END-- [ RunTime:0.001000s ]
SQL: SELECT * FROM `permission` WHERE `status` = 1 ORDER BY lft  [ RunTime:0.0010s ]
INFO: [ view_parse ] --START--
INFO: [ template_filter ] --START--
INFO: Run Behavior\ContentReplaceBehavior [ RunTime:0.000000s ]
INFO: [ template_filter ] --END-- [ RunTime:0.000000s ]
NOTIC: [8] Undefined variable: row F:\www.zyxm\admin.zyxm.com\Application\Runtime\Cache\Admin\9b15ad908d000eab62ade51e5cbf4b7e.php 第 36 行.
NOTIC: [8] Undefined variable: row F:\www.zyxm\admin.zyxm.com\Application\Runtime\Cache\Admin\9b15ad908d000eab62ade51e5cbf4b7e.php 第 43 行.
NOTIC: [8] Undefined variable: row F:\www.zyxm\admin.zyxm.com\Application\Runtime\Cache\Admin\9b15ad908d000eab62ade51e5cbf4b7e.php 第 57 行.
NOTIC: [8] Undefined variable: row F:\www.zyxm\admin.zyxm.com\Application\Runtime\Cache\Admin\9b15ad908d000eab62ade51e5cbf4b7e.php 第 75 行.
INFO: Run Behavior\ParseTemplateBehavior [ RunTime:0.009001s ]
INFO: [ view_parse ] --END-- [ RunTime:0.009001s ]
INFO: [ view_filter ] --START--
INFO: Run Behavior\WriteHtmlCacheBehavior [ RunTime:0.000000s ]
INFO: [ view_filter ] --END-- [ RunTime:0.000000s ]
INFO: [ app_end ] --START--
INFO: Run Behavior\ShowPageTraceBehavior [ RunTime:0.001000s ]
INFO: [ app_end ] --END-- [ RunTime:0.001000s ]

[ 2016-07-01T23:33:36+08:00 ] 127.0.0.1 /permission/add.html
INFO: [ app_init ] --START--
INFO: Run Behavior\BuildLiteBehavior [ RunTime:0.000000s ]
INFO: [ app_init ] --END-- [ RunTime:0.000000s ]
INFO: [ app_begin ] --START--
INFO: Run Behavior\ReadHtmlCacheBehavior [ RunTime:0.001000s ]
INFO: [ app_begin ] --END-- [ RunTime:0.001000s ]
NOTIC: [8] Undefined index: validate F:\www.zyxm\ThinkPHP\Library\Think\Model.class.php 第 1185 行.
NOTIC: [8] Undefined index: auto F:\www.zyxm\ThinkPHP\Library\Think\Model.class.php 第 1128 行.
NOTIC: [4096] Argument 2 passed to Admin\Logic\MySQLLogic::getRow() must be of the type array, string given, called in F:\www.zyxm\admin.zyxm.com\Application\Admin\Logic\NestedSets.class.php on line 573 and defined F:\www.zyxm\admin.zyxm.com\Application\Admin\Logic\MySQLLogic.class.php 第 181 行.
SQL: SELECT parent_id, lft, rght, level FROM permission WHERE id = 5 [ RunTime:0.0000s ]
NOTIC: [4096] Argument 2 passed to Admin\Logic\MySQLLogic::getRow() must be of the type array, string given, called in F:\www.zyxm\admin.zyxm.com\Application\Admin\Logic\NestedSets.class.php on line 207 and defined F:\www.zyxm\admin.zyxm.com\Application\Admin\Logic\MySQLLogic.class.php 第 181 行.
SQL: SELECT rght, lft, level FROM permission WHERE id = 5 [ RunTime:0.0000s ]
NOTIC: [4096] Argument 2 passed to Admin\Logic\MySQLLogic::query() must be of the type array, string given, called in F:\www.zyxm\admin.zyxm.com\Application\Admin\Logic\NestedSets.class.php on line 225 and defined F:\www.zyxm\admin.zyxm.com\Application\Admin\Logic\MySQLLogic.class.php 第 67 行.
SQL: UPDATE permission SET rght = rght + 2, lft = IF(lft >= 2, lft + 2, lft) WHERE rght >= 2 [ RunTime:0.0010s ]
NOTIC: [4096] Argument 2 passed to Admin\Logic\MySQLLogic::insert() must be of the type array, string given, called in F:\www.zyxm\admin.zyxm.com\Application\Admin\Logic\NestedSets.class.php on line 233 and defined F:\www.zyxm\admin.zyxm.com\Application\Admin\Logic\MySQLLogic.class.php 第 102 行.
SQL: INSERT INTO permission SET name="三星",path="admin\permission",parent_id="5",intro="ddddddddddddd",sort="50",status="1",lft="2",rght="3",level="2" [ RunTime:0.0010s ]
INFO: [ view_parse ] --START--
INFO: [ template_filter ] --START--
INFO: Run Behavior\ContentReplaceBehavior [ RunTime:0.000000s ]
INFO: [ template_filter ] --END-- [ RunTime:0.000000s ]
INFO: Run Behavior\ParseTemplateBehavior [ RunTime:0.008001s ]
INFO: [ view_parse ] --END-- [ RunTime:0.008001s ]
INFO: [ view_filter ] --START--
INFO: Run Behavior\WriteHtmlCacheBehavior [ RunTime:0.000000s ]
INFO: [ view_filter ] --END-- [ RunTime:0.000000s ]
INFO: [ app_end ] --START--
INFO: Run Behavior\ShowPageTraceBehavior [ RunTime:0.001000s ]
INFO: [ app_end ] --END-- [ RunTime:0.001000s ]

[ 2016-07-01T23:33:37+08:00 ] 127.0.0.1 /permission/index.html
INFO: [ app_init ] --START--
INFO: Run Behavior\BuildLiteBehavior [ RunTime:0.000000s ]
INFO: [ app_init ] --END-- [ RunTime:0.000000s ]
INFO: [ app_begin ] --START--
INFO: Run Behavior\ReadHtmlCacheBehavior [ RunTime:0.001000s ]
INFO: [ app_begin ] --END-- [ RunTime:0.001000s ]
SQL: SELECT * FROM `permission` WHERE `status` = 1 ORDER BY lft  [ RunTime:0.0010s ]
INFO: [ view_parse ] --START--
INFO: [ template_filter ] --START--
INFO: Run Behavior\ContentReplaceBehavior [ RunTime:0.000000s ]
INFO: [ template_filter ] --END-- [ RunTime:0.000000s ]
INFO: Run Behavior\ParseTemplateBehavior [ RunTime:0.009001s ]
INFO: [ view_parse ] --END-- [ RunTime:0.010001s ]
INFO: [ view_filter ] --START--
INFO: Run Behavior\WriteHtmlCacheBehavior [ RunTime:0.000000s ]
INFO: [ view_filter ] --END-- [ RunTime:0.000000s ]
INFO: [ app_end ] --START--
INFO: Run Behavior\ShowPageTraceBehavior [ RunTime:0.001000s ]
INFO: [ app_end ] --END-- [ RunTime:0.001000s ]

[ 2016-07-01T23:33:40+08:00 ] 127.0.0.1 /permission/add.html
INFO: [ app_init ] --START--
INFO: Run Behavior\BuildLiteBehavior [ RunTime:0.000000s ]
INFO: [ app_init ] --END-- [ RunTime:0.000000s ]
INFO: [ app_begin ] --START--
INFO: Run Behavior\ReadHtmlCacheBehavior [ RunTime:0.001000s ]
INFO: [ app_begin ] --END-- [ RunTime:0.001000s ]
SQL: SELECT * FROM `permission` WHERE `status` = 1 ORDER BY lft  [ RunTime:0.0000s ]
INFO: [ view_parse ] --START--
INFO: [ template_filter ] --START--
INFO: Run Behavior\ContentReplaceBehavior [ RunTime:0.000000s ]
INFO: [ template_filter ] --END-- [ RunTime:0.000000s ]
NOTIC: [8] Undefined variable: row F:\www.zyxm\admin.zyxm.com\Application\Runtime\Cache\Admin\9b15ad908d000eab62ade51e5cbf4b7e.php 第 36 行.
NOTIC: [8] Undefined variable: row F:\www.zyxm\admin.zyxm.com\Application\Runtime\Cache\Admin\9b15ad908d000eab62ade51e5cbf4b7e.php 第 43 行.
NOTIC: [8] Undefined variable: row F:\www.zyxm\admin.zyxm.com\Application\Runtime\Cache\Admin\9b15ad908d000eab62ade51e5cbf4b7e.php 第 57 行.
NOTIC: [8] Undefined variable: row F:\www.zyxm\admin.zyxm.com\Application\Runtime\Cache\Admin\9b15ad908d000eab62ade51e5cbf4b7e.php 第 75 行.
INFO: Run Behavior\ParseTemplateBehavior [ RunTime:0.008000s ]
INFO: [ view_parse ] --END-- [ RunTime:0.008000s ]
INFO: [ view_filter ] --START--
INFO: Run Behavior\WriteHtmlCacheBehavior [ RunTime:0.001000s ]
INFO: [ view_filter ] --END-- [ RunTime:0.001000s ]
INFO: [ app_end ] --START--
INFO: Run Behavior\ShowPageTraceBehavior [ RunTime:0.000000s ]
INFO: [ app_end ] --END-- [ RunTime:0.001000s ]

[ 2016-07-01T23:33:53+08:00 ] 127.0.0.1 /permission/add.html
INFO: [ app_init ] --START--
INFO: Run Behavior\BuildLiteBehavior [ RunTime:0.000000s ]
INFO: [ app_init ] --END-- [ RunTime:0.000000s ]
INFO: [ app_begin ] --START--
INFO: Run Behavior\ReadHtmlCacheBehavior [ RunTime:0.001000s ]
INFO: [ app_begin ] --END-- [ RunTime:0.001000s ]
NOTIC: [8] Undefined index: validate F:\www.zyxm\ThinkPHP\Library\Think\Model.class.php 第 1185 行.
NOTIC: [8] Undefined index: auto F:\www.zyxm\ThinkPHP\Library\Think\Model.class.php 第 1128 行.
NOTIC: [4096] Argument 2 passed to Admin\Logic\MySQLLogic::getRow() must be of the type array, string given, called in F:\www.zyxm\admin.zyxm.com\Application\Admin\Logic\NestedSets.class.php on line 573 and defined F:\www.zyxm\admin.zyxm.com\Application\Admin\Logic\MySQLLogic.class.php 第 181 行.
SQL: SELECT parent_id, lft, rght, level FROM permission WHERE id = 0 [ RunTime:0.0000s ]
NOTIC: [4096] Argument 2 passed to Admin\Logic\MySQLLogic::getOne() must be of the type array, string given, called in F:\www.zyxm\admin.zyxm.com\Application\Admin\Logic\NestedSets.class.php on line 196 and defined F:\www.zyxm\admin.zyxm.com\Application\Admin\Logic\MySQLLogic.class.php 第 222 行.
SQL: SELECT MAX(rght) FROM permission [ RunTime:0.0000s ]
NOTIC: [4096] Argument 2 passed to Admin\Logic\MySQLLogic::query() must be of the type array, string given, called in F:\www.zyxm\admin.zyxm.com\Application\Admin\Logic\NestedSets.class.php on line 225 and defined F:\www.zyxm\admin.zyxm.com\Application\Admin\Logic\MySQLLogic.class.php 第 67 行.
SQL: UPDATE permission SET rght = rght + 2, lft = IF(lft >= 5, lft + 2, lft) WHERE rght >= 5 [ RunTime:0.0000s ]
NOTIC: [4096] Argument 2 passed to Admin\Logic\MySQLLogic::insert() must be of the type array, string given, called in F:\www.zyxm\admin.zyxm.com\Application\Admin\Logic\NestedSets.class.php on line 233 and defined F:\www.zyxm\admin.zyxm.com\Application\Admin\Logic\MySQLLogic.class.php 第 102 行.
SQL: INSERT INTO permission SET name="手机管理",path="admin\permission",parent_id="0",intro="阿萨德",sort="50",status="1",lft="5",rght="6",level="1" [ RunTime:0.0020s ]
INFO: [ view_parse ] --START--
INFO: [ template_filter ] --START--
INFO: Run Behavior\ContentReplaceBehavior [ RunTime:0.000000s ]
INFO: [ template_filter ] --END-- [ RunTime:0.000000s ]
INFO: Run Behavior\ParseTemplateBehavior [ RunTime:0.007001s ]
INFO: [ view_parse ] --END-- [ RunTime:0.007001s ]
INFO: [ view_filter ] --START--
INFO: Run Behavior\WriteHtmlCacheBehavior [ RunTime:0.000000s ]
INFO: [ view_filter ] --END-- [ RunTime:0.000000s ]
INFO: [ app_end ] --START--
INFO: Run Behavior\ShowPageTraceBehavior [ RunTime:0.001000s ]
INFO: [ app_end ] --END-- [ RunTime:0.001000s ]

[ 2016-07-01T23:33:54+08:00 ] 127.0.0.1 /permission/index.html
INFO: [ app_init ] --START--
INFO: Run Behavior\BuildLiteBehavior [ RunTime:0.000000s ]
INFO: [ app_init ] --END-- [ RunTime:0.000000s ]
INFO: [ app_begin ] --START--
INFO: Run Behavior\ReadHtmlCacheBehavior [ RunTime:0.001000s ]
INFO: [ app_begin ] --END-- [ RunTime:0.001000s ]
SQL: SELECT * FROM `permission` WHERE `status` = 1 ORDER BY lft  [ RunTime:0.0010s ]
INFO: [ view_parse ] --START--
INFO: [ template_filter ] --START--
INFO: Run Behavior\ContentReplaceBehavior [ RunTime:0.000000s ]
INFO: [ template_filter ] --END-- [ RunTime:0.000000s ]
INFO: Run Behavior\ParseTemplateBehavior [ RunTime:0.010001s ]
INFO: [ view_parse ] --END-- [ RunTime:0.010001s ]
INFO: [ view_filter ] --START--
INFO: Run Behavior\WriteHtmlCacheBehavior [ RunTime:0.000000s ]
INFO: [ view_filter ] --END-- [ RunTime:0.000000s ]
INFO: [ app_end ] --START--
INFO: Run Behavior\ShowPageTraceBehavior [ RunTime:0.001000s ]
INFO: [ app_end ] --END-- [ RunTime:0.001000s ]

[ 2016-07-01T23:33:56+08:00 ] 127.0.0.1 /permission/add.html
INFO: [ app_init ] --START--
INFO: Run Behavior\BuildLiteBehavior [ RunTime:0.000000s ]
INFO: [ app_init ] --END-- [ RunTime:0.001000s ]
INFO: [ app_begin ] --START--
INFO: Run Behavior\ReadHtmlCacheBehavior [ RunTime:0.001000s ]
INFO: [ app_begin ] --END-- [ RunTime:0.001000s ]
SQL: SELECT * FROM `permission` WHERE `status` = 1 ORDER BY lft  [ RunTime:0.0010s ]
INFO: [ view_parse ] --START--
INFO: [ template_filter ] --START--
INFO: Run Behavior\ContentReplaceBehavior [ RunTime:0.000000s ]
INFO: [ template_filter ] --END-- [ RunTime:0.000000s ]
NOTIC: [8] Undefined variable: row F:\www.zyxm\admin.zyxm.com\Application\Runtime\Cache\Admin\9b15ad908d000eab62ade51e5cbf4b7e.php 第 36 行.
NOTIC: [8] Undefined variable: row F:\www.zyxm\admin.zyxm.com\Application\Runtime\Cache\Admin\9b15ad908d000eab62ade51e5cbf4b7e.php 第 43 行.
NOTIC: [8] Undefined variable: row F:\www.zyxm\admin.zyxm.com\Application\Runtime\Cache\Admin\9b15ad908d000eab62ade51e5cbf4b7e.php 第 57 行.
NOTIC: [8] Undefined variable: row F:\www.zyxm\admin.zyxm.com\Application\Runtime\Cache\Admin\9b15ad908d000eab62ade51e5cbf4b7e.php 第 75 行.
INFO: Run Behavior\ParseTemplateBehavior [ RunTime:0.009000s ]
INFO: [ view_parse ] --END-- [ RunTime:0.009000s ]
INFO: [ view_filter ] --START--
INFO: Run Behavior\WriteHtmlCacheBehavior [ RunTime:0.001000s ]
INFO: [ view_filter ] --END-- [ RunTime:0.001000s ]
INFO: [ app_end ] --START--
INFO: Run Behavior\ShowPageTraceBehavior [ RunTime:0.000000s ]
INFO: [ app_end ] --END-- [ RunTime:0.000000s ]

[ 2016-07-01T23:34:08+08:00 ] 127.0.0.1 /permission/add.html
INFO: [ app_init ] --START--
INFO: Run Behavior\BuildLiteBehavior [ RunTime:0.000000s ]
INFO: [ app_init ] --END-- [ RunTime:0.001000s ]
INFO: [ app_begin ] --START--
INFO: Run Behavior\ReadHtmlCacheBehavior [ RunTime:0.001000s ]
INFO: [ app_begin ] --END-- [ RunTime:0.001000s ]
NOTIC: [8] Undefined index: validate F:\www.zyxm\ThinkPHP\Library\Think\Model.class.php 第 1185 行.
NOTIC: [8] Undefined index: auto F:\www.zyxm\ThinkPHP\Library\Think\Model.class.php 第 1128 行.
NOTIC: [4096] Argument 2 passed to Admin\Logic\MySQLLogic::getRow() must be of the type array, string given, called in F:\www.zyxm\admin.zyxm.com\Application\Admin\Logic\NestedSets.class.php on line 573 and defined F:\www.zyxm\admin.zyxm.com\Application\Admin\Logic\MySQLLogic.class.php 第 181 行.
SQL: SELECT parent_id, lft, rght, level FROM permission WHERE id = 7 [ RunTime:0.0000s ]
NOTIC: [4096] Argument 2 passed to Admin\Logic\MySQLLogic::getRow() must be of the type array, string given, called in F:\www.zyxm\admin.zyxm.com\Application\Admin\Logic\NestedSets.class.php on line 207 and defined F:\www.zyxm\admin.zyxm.com\Application\Admin\Logic\MySQLLogic.class.php 第 181 行.
SQL: SELECT rght, lft, level FROM permission WHERE id = 7 [ RunTime:0.0010s ]
NOTIC: [4096] Argument 2 passed to Admin\Logic\MySQLLogic::query() must be of the type array, string given, called in F:\www.zyxm\admin.zyxm.com\Application\Admin\Logic\NestedSets.class.php on line 225 and defined F:\www.zyxm\admin.zyxm.com\Application\Admin\Logic\MySQLLogic.class.php 第 67 行.
SQL: UPDATE permission SET rght = rght + 2, lft = IF(lft >= 6, lft + 2, lft) WHERE rght >= 6 [ RunTime:0.0010s ]
NOTIC: [4096] Argument 2 passed to Admin\Logic\MySQLLogic::insert() must be of the type array, string given, called in F:\www.zyxm\admin.zyxm.com\Application\Admin\Logic\NestedSets.class.php on line 233 and defined F:\www.zyxm\admin.zyxm.com\Application\Admin\Logic\MySQLLogic.class.php 第 102 行.
SQL: INSERT INTO permission SET name="苹果",path="admin\permission",parent_id="7",intro="阿德 ",sort="50",status="1",lft="6",rght="7",level="2" [ RunTime:0.0010s ]
INFO: [ view_parse ] --START--
INFO: [ template_filter ] --START--
INFO: Run Behavior\ContentReplaceBehavior [ RunTime:0.000000s ]
INFO: [ template_filter ] --END-- [ RunTime:0.001000s ]
INFO: Run Behavior\ParseTemplateBehavior [ RunTime:0.008001s ]
INFO: [ view_parse ] --END-- [ RunTime:0.008001s ]
INFO: [ view_filter ] --START--
INFO: Run Behavior\WriteHtmlCacheBehavior [ RunTime:0.000000s ]
INFO: [ view_filter ] --END-- [ RunTime:0.000000s ]
INFO: [ app_end ] --START--
INFO: Run Behavior\ShowPageTraceBehavior [ RunTime:0.000000s ]
INFO: [ app_end ] --END-- [ RunTime:0.001000s ]

[ 2016-07-01T23:34:09+08:00 ] 127.0.0.1 /permission/index.html
INFO: [ app_init ] --START--
INFO: Run Behavior\BuildLiteBehavior [ RunTime:0.000000s ]
INFO: [ app_init ] --END-- [ RunTime:0.000000s ]
INFO: [ app_begin ] --START--
INFO: Run Behavior\ReadHtmlCacheBehavior [ RunTime:0.001000s ]
INFO: [ app_begin ] --END-- [ RunTime:0.001000s ]
SQL: SELECT * FROM `permission` WHERE `status` = 1 ORDER BY lft  [ RunTime:0.0000s ]
INFO: [ view_parse ] --START--
INFO: [ template_filter ] --START--
INFO: Run Behavior\ContentReplaceBehavior [ RunTime:0.000000s ]
INFO: [ template_filter ] --END-- [ RunTime:0.000000s ]
INFO: Run Behavior\ParseTemplateBehavior [ RunTime:0.009001s ]
INFO: [ view_parse ] --END-- [ RunTime:0.010001s ]
INFO: [ view_filter ] --START--
INFO: Run Behavior\WriteHtmlCacheBehavior [ RunTime:0.000000s ]
INFO: [ view_filter ] --END-- [ RunTime:0.000000s ]
INFO: [ app_end ] --START--
INFO: Run Behavior\ShowPageTraceBehavior [ RunTime:0.001000s ]
INFO: [ app_end ] --END-- [ RunTime:0.001000s ]

[ 2016-07-01T23:42:34+08:00 ] 127.0.0.1 /permission/edit/id/8.html
INFO: [ app_init ] --START--
INFO: Run Behavior\BuildLiteBehavior [ RunTime:0.000000s ]
INFO: [ app_init ] --END-- [ RunTime:0.000000s ]
INFO: [ app_begin ] --START--
INFO: Run Behavior\ReadHtmlCacheBehavior [ RunTime:0.000000s ]
INFO: [ app_begin ] --END-- [ RunTime:0.001000s ]
SQL: SELECT * FROM `permission` WHERE `id` = 8 LIMIT 1   [ RunTime:0.0000s ]
SQL: SELECT * FROM `permission` WHERE `status` = 1 ORDER BY lft  [ RunTime:0.0000s ]
INFO: [ view_parse ] --START--
INFO: [ template_filter ] --START--
INFO: Run Behavior\ContentReplaceBehavior [ RunTime:0.000000s ]
INFO: [ template_filter ] --END-- [ RunTime:0.000000s ]
INFO: Run Behavior\ParseTemplateBehavior [ RunTime:0.009001s ]
INFO: [ view_parse ] --END-- [ RunTime:0.010001s ]
INFO: [ view_filter ] --START--
INFO: Run Behavior\WriteHtmlCacheBehavior [ RunTime:0.000000s ]
INFO: [ view_filter ] --END-- [ RunTime:0.000000s ]
INFO: [ app_end ] --START--
INFO: Run Behavior\ShowPageTraceBehavior [ RunTime:0.001000s ]
INFO: [ app_end ] --END-- [ RunTime:0.001000s ]

[ 2016-07-01T23:42:40+08:00 ] 127.0.0.1 /permission/edit.html
INFO: [ app_init ] --START--
INFO: Run Behavior\BuildLiteBehavior [ RunTime:0.000000s ]
INFO: [ app_init ] --END-- [ RunTime:0.000000s ]
INFO: [ app_begin ] --START--
INFO: Run Behavior\ReadHtmlCacheBehavior [ RunTime:0.001000s ]
INFO: [ app_begin ] --END-- [ RunTime:0.001000s ]
NOTIC: [8] Undefined index: validate F:\www.zyxm\ThinkPHP\Library\Think\Model.class.php 第 1185 行.
NOTIC: [8] Undefined index: auto F:\www.zyxm\ThinkPHP\Library\Think\Model.class.php 第 1128 行.
NOTIC: [2] Missing argument 1 for Admin\Model\PermissionModel::savePermission(), called in F:\www.zyxm\admin.zyxm.com\Application\Admin\Controller\PermissionController.class.php on line 62 and defined F:\www.zyxm\admin.zyxm.com\Application\Admin\Model\PermissionModel.class.php 第 35 行.
NOTIC: [8] Undefined offset: 1 F:\www.zyxm\ThinkPHP\Library\Think\Model.class.php 第 237 行.

[ 2016-07-01T23:43:32+08:00 ] 127.0.0.1 /permission/edit/id/8.html
INFO: [ app_init ] --START--
INFO: Run Behavior\BuildLiteBehavior [ RunTime:0.001000s ]
INFO: [ app_init ] --END-- [ RunTime:0.001000s ]
INFO: [ app_begin ] --START--
INFO: Run Behavior\ReadHtmlCacheBehavior [ RunTime:0.000000s ]
INFO: [ app_begin ] --END-- [ RunTime:0.000000s ]
SQL: SELECT * FROM `permission` WHERE `id` = 8 LIMIT 1   [ RunTime:0.0000s ]
SQL: SELECT * FROM `permission` WHERE `status` = 1 ORDER BY lft  [ RunTime:0.0010s ]
INFO: [ view_parse ] --START--
INFO: [ template_filter ] --START--
INFO: Run Behavior\ContentReplaceBehavior [ RunTime:0.000000s ]
INFO: [ template_filter ] --END-- [ RunTime:0.000000s ]
INFO: Run Behavior\ParseTemplateBehavior [ RunTime:0.008001s ]
INFO: [ view_parse ] --END-- [ RunTime:0.008001s ]
INFO: [ view_filter ] --START--
INFO: Run Behavior\WriteHtmlCacheBehavior [ RunTime:0.001000s ]
INFO: [ view_filter ] --END-- [ RunTime:0.001000s ]
INFO: [ app_end ] --START--
INFO: Run Behavior\ShowPageTraceBehavior [ RunTime:0.001000s ]
INFO: [ app_end ] --END-- [ RunTime:0.001000s ]

[ 2016-07-01T23:43:36+08:00 ] 127.0.0.1 /permission/edit.html
INFO: [ app_init ] --START--
INFO: Run Behavior\BuildLiteBehavior [ RunTime:0.000000s ]
INFO: [ app_init ] --END-- [ RunTime:0.000000s ]
INFO: [ app_begin ] --START--
INFO: Run Behavior\ReadHtmlCacheBehavior [ RunTime:0.001000s ]
INFO: [ app_begin ] --END-- [ RunTime:0.001000s ]
NOTIC: [8] Undefined index: validate F:\www.zyxm\ThinkPHP\Library\Think\Model.class.php 第 1185 行.
NOTIC: [8] Undefined index: auto F:\www.zyxm\ThinkPHP\Library\Think\Model.class.php 第 1128 行.
NOTIC: [2] Missing argument 1 for Admin\Model\PermissionModel::savePermission(), called in F:\www.zyxm\admin.zyxm.com\Application\Admin\Controller\PermissionController.class.php on line 62 and defined F:\www.zyxm\admin.zyxm.com\Application\Admin\Model\PermissionModel.class.php 第 35 行.
NOTIC: [8] Undefined offset: 1 F:\www.zyxm\ThinkPHP\Library\Think\Model.class.php 第 237 行.

[ 2016-07-01T23:44:05+08:00 ] 127.0.0.1 /permission/edit.html
INFO: [ app_init ] --START--
INFO: Run Behavior\BuildLiteBehavior [ RunTime:0.000000s ]
INFO: [ app_init ] --END-- [ RunTime:0.000000s ]
INFO: [ app_begin ] --START--
INFO: Run Behavior\ReadHtmlCacheBehavior [ RunTime:0.001000s ]
INFO: [ app_begin ] --END-- [ RunTime:0.001000s ]
NOTIC: [8] Undefined index: validate F:\www.zyxm\ThinkPHP\Library\Think\Model.class.php 第 1185 行.
NOTIC: [8] Undefined index: auto F:\www.zyxm\ThinkPHP\Library\Think\Model.class.php 第 1128 行.
NOTIC: [8] Undefined offset: 1 F:\www.zyxm\ThinkPHP\Library\Think\Model.class.php 第 237 行.

[ 2016-07-01T23:44:11+08:00 ] 127.0.0.1 /permission/edit.html
INFO: [ app_init ] --START--
INFO: Run Behavior\BuildLiteBehavior [ RunTime:0.000000s ]
INFO: [ app_init ] --END-- [ RunTime:0.000000s ]
INFO: [ app_begin ] --START--
INFO: Run Behavior\ReadHtmlCacheBehavior [ RunTime:0.001000s ]
INFO: [ app_begin ] --END-- [ RunTime:0.001000s ]
NOTIC: [8] Undefined index: validate F:\www.zyxm\ThinkPHP\Library\Think\Model.class.php 第 1185 行.
NOTIC: [8] Undefined index: auto F:\www.zyxm\ThinkPHP\Library\Think\Model.class.php 第 1128 行.
NOTIC: [8] Undefined offset: 1 F:\www.zyxm\ThinkPHP\Library\Think\Model.class.php 第 237 行.

[ 2016-07-01T23:44:24+08:00 ] 127.0.0.1 /permission/edit.html
INFO: [ app_init ] --START--
INFO: Run Behavior\BuildLiteBehavior [ RunTime:0.000000s ]
INFO: [ app_init ] --END-- [ RunTime:0.000000s ]
INFO: [ app_begin ] --START--
INFO: Run Behavior\ReadHtmlCacheBehavior [ RunTime:0.001000s ]
INFO: [ app_begin ] --END-- [ RunTime:0.001000s ]
NOTIC: [8] Undefined index: validate F:\www.zyxm\ThinkPHP\Library\Think\Model.class.php 第 1185 行.
NOTIC: [8] Undefined index: auto F:\www.zyxm\ThinkPHP\Library\Think\Model.class.php 第 1128 行.
NOTIC: [8] Undefined offset: 1 F:\www.zyxm\ThinkPHP\Library\Think\Model.class.php 第 237 行.

[ 2016-07-01T23:45:42+08:00 ] 127.0.0.1 /permission/edit.html
INFO: [ app_init ] --START--
INFO: Run Behavior\BuildLiteBehavior [ RunTime:0.000000s ]
INFO: [ app_init ] --END-- [ RunTime:0.000000s ]
INFO: [ app_begin ] --START--
INFO: Run Behavior\ReadHtmlCacheBehavior [ RunTime:0.001000s ]
INFO: [ app_begin ] --END-- [ RunTime:0.001000s ]
NOTIC: [8] Undefined index: validate F:\www.zyxm\ThinkPHP\Library\Think\Model.class.php 第 1185 行.
NOTIC: [8] Undefined index: auto F:\www.zyxm\ThinkPHP\Library\Think\Model.class.php 第 1128 行.
NOTIC: [8] Undefined offset: 1 F:\www.zyxm\ThinkPHP\Library\Think\Model.class.php 第 237 行.

[ 2016-07-01T23:45:50+08:00 ] 127.0.0.1 /permission/edit/id/8.html
INFO: [ app_init ] --START--
INFO: Run Behavior\BuildLiteBehavior [ RunTime:0.000000s ]
INFO: [ app_init ] --END-- [ RunTime:0.000000s ]
INFO: [ app_begin ] --START--
INFO: Run Behavior\ReadHtmlCacheBehavior [ RunTime:0.001000s ]
INFO: [ app_begin ] --END-- [ RunTime:0.001000s ]
SQL: SELECT * FROM `permission` WHERE `id` = 8 LIMIT 1   [ RunTime:0.0010s ]
SQL: SELECT * FROM `permission` WHERE `status` = 1 ORDER BY lft  [ RunTime:0.0000s ]
INFO: [ view_parse ] --START--
INFO: [ template_filter ] --START--
INFO: Run Behavior\ContentReplaceBehavior [ RunTime:0.000000s ]
INFO: [ template_filter ] --END-- [ RunTime:0.000000s ]
INFO: Run Behavior\ParseTemplateBehavior [ RunTime:0.010000s ]
INFO: [ view_parse ] --END-- [ RunTime:0.010000s ]
INFO: [ view_filter ] --START--
INFO: Run Behavior\WriteHtmlCacheBehavior [ RunTime:0.000000s ]
INFO: [ view_filter ] --END-- [ RunTime:0.000000s ]
INFO: [ app_end ] --START--
INFO: Run Behavior\ShowPageTraceBehavior [ RunTime:0.001001s ]
INFO: [ app_end ] --END-- [ RunTime:0.001001s ]

[ 2016-07-01T23:45:53+08:00 ] 127.0.0.1 /permission/edit.html
INFO: [ app_init ] --START--
INFO: Run Behavior\BuildLiteBehavior [ RunTime:0.000000s ]
INFO: [ app_init ] --END-- [ RunTime:0.000000s ]
INFO: [ app_begin ] --START--
INFO: Run Behavior\ReadHtmlCacheBehavior [ RunTime:0.000000s ]
INFO: [ app_begin ] --END-- [ RunTime:0.000000s ]
NOTIC: [8] Undefined index: validate F:\www.zyxm\ThinkPHP\Library\Think\Model.class.php 第 1185 行.
NOTIC: [8] Undefined index: auto F:\www.zyxm\ThinkPHP\Library\Think\Model.class.php 第 1128 行.
NOTIC: [8] Undefined offset: 1 F:\www.zyxm\ThinkPHP\Library\Think\Model.class.php 第 237 行.

[ 2016-07-01T23:49:58+08:00 ] 127.0.0.1 /permission/edit.html
INFO: [ app_init ] --START--
INFO: Run Behavior\BuildLiteBehavior [ RunTime:0.000000s ]
INFO: [ app_init ] --END-- [ RunTime:0.000000s ]
INFO: [ app_begin ] --START--
INFO: Run Behavior\ReadHtmlCacheBehavior [ RunTime:0.001000s ]
INFO: [ app_begin ] --END-- [ RunTime:0.001000s ]
NOTIC: [8] Undefined index: validate F:\www.zyxm\ThinkPHP\Library\Think\Model.class.php 第 1185 行.
NOTIC: [8] Undefined index: auto F:\www.zyxm\ThinkPHP\Library\Think\Model.class.php 第 1128 行.
NOTIC: [8] Undefined offset: 1 F:\www.zyxm\ThinkPHP\Library\Think\Model.class.php 第 237 行.

[ 2016-07-01T23:50:35+08:00 ] 127.0.0.1 /permission/edit.html
INFO: [ app_init ] --START--
INFO: Run Behavior\BuildLiteBehavior [ RunTime:0.000000s ]
INFO: [ app_init ] --END-- [ RunTime:0.000000s ]
INFO: [ app_begin ] --START--
INFO: Run Behavior\ReadHtmlCacheBehavior [ RunTime:0.001000s ]
INFO: [ app_begin ] --END-- [ RunTime:0.001000s ]
NOTIC: [8] Undefined index: validate F:\www.zyxm\ThinkPHP\Library\Think\Model.class.php 第 1185 行.
NOTIC: [8] Undefined index: auto F:\www.zyxm\ThinkPHP\Library\Think\Model.class.php 第 1128 行.
SQL: SELECT `parent_id` FROM `permission` WHERE `id` = 8 LIMIT 1   [ RunTime:0.0010s ]
NOTIC: [4096] Argument 2 passed to Admin\Logic\MySQLLogic::getRow() must be of the type array, string given, called in F:\www.zyxm\admin.zyxm.com\Application\Admin\Logic\NestedSets.class.php on line 573 and defined F:\www.zyxm\admin.zyxm.com\Application\Admin\Logic\MySQLLogic.class.php 第 181 行.
SQL: SELECT parent_id, lft, rght, level FROM permission WHERE id = 8 [ RunTime:0.0010s ]
NOTIC: [4096] Argument 2 passed to Admin\Logic\MySQLLogic::getRow() must be of the type array, string given, called in F:\www.zyxm\admin.zyxm.com\Application\Admin\Logic\NestedSets.class.php on line 573 and defined F:\www.zyxm\admin.zyxm.com\Application\Admin\Logic\MySQLLogic.class.php 第 181 行.
SQL: SELECT parent_id, lft, rght, level FROM permission WHERE id = 5 [ RunTime:0.0000s ]
NOTIC: [4096] Argument 2 passed to Admin\Logic\MySQLLogic::query() must be of the type array, string given, called in F:\www.zyxm\admin.zyxm.com\Application\Admin\Logic\NestedSets.class.php on line 555 and defined F:\www.zyxm\admin.zyxm.com\Application\Admin\Logic\MySQLLogic.class.php 第 67 行.
SQL: 
				UPDATE permission
				SET
					rght = IF(
						lft >= 6,
						rght + -2,
						IF(
							rght < 6,
							rght + 2,
							rght
						)
					),
					level = IF(
						lft >= 6,
						level + 0,
						level
					),
					lft = IF(
						lft >= 6,
						lft + -2,
						IF(
							lft > 3,
							lft + 2,
							lft
						)
					),
					parent_id = IF(
						id = 8,
						5,
						parent_id
					)
					WHERE
						rght > 3
						AND lft < 7 [ RunTime:0.0110s ]
SQL: UPDATE `permission` SET `name`='苹果',`path`='adminpermission',`parent_id`='5',`intro`='阿德 ',`sort`='50',`status`='1' WHERE `id` = 8 [ RunTime:0.0010s ]
INFO: [ view_parse ] --START--
INFO: [ template_filter ] --START--
INFO: Run Behavior\ContentReplaceBehavior [ RunTime:0.000000s ]
INFO: [ template_filter ] --END-- [ RunTime:0.000000s ]
INFO: Run Behavior\ParseTemplateBehavior [ RunTime:0.007000s ]
INFO: [ view_parse ] --END-- [ RunTime:0.007000s ]
INFO: [ view_filter ] --START--
INFO: Run Behavior\WriteHtmlCacheBehavior [ RunTime:0.001000s ]
INFO: [ view_filter ] --END-- [ RunTime:0.001000s ]
INFO: [ app_end ] --START--
INFO: Run Behavior\ShowPageTraceBehavior [ RunTime:0.001000s ]
INFO: [ app_end ] --END-- [ RunTime:0.001000s ]

[ 2016-07-01T23:50:36+08:00 ] 127.0.0.1 /permission/index.html
INFO: [ app_init ] --START--
INFO: Run Behavior\BuildLiteBehavior [ RunTime:0.000000s ]
INFO: [ app_init ] --END-- [ RunTime:0.000000s ]
INFO: [ app_begin ] --START--
INFO: Run Behavior\ReadHtmlCacheBehavior [ RunTime:0.001000s ]
INFO: [ app_begin ] --END-- [ RunTime:0.001000s ]
SQL: SELECT * FROM `permission` WHERE `status` = 1 ORDER BY lft  [ RunTime:0.0000s ]
INFO: [ view_parse ] --START--
INFO: [ template_filter ] --START--
INFO: Run Behavior\ContentReplaceBehavior [ RunTime:0.000000s ]
INFO: [ template_filter ] --END-- [ RunTime:0.000000s ]
INFO: Run Behavior\ParseTemplateBehavior [ RunTime:0.011001s ]
INFO: [ view_parse ] --END-- [ RunTime:0.011001s ]
INFO: [ view_filter ] --START--
INFO: Run Behavior\WriteHtmlCacheBehavior [ RunTime:0.000000s ]
INFO: [ view_filter ] --END-- [ RunTime:0.000000s ]
INFO: [ app_end ] --START--
INFO: Run Behavior\ShowPageTraceBehavior [ RunTime:0.001000s ]
INFO: [ app_end ] --END-- [ RunTime:0.001000s ]

[ 2016-07-01T23:53:17+08:00 ] 127.0.0.1 /permission/edit/id/6.html
INFO: [ app_init ] --START--
INFO: Run Behavior\BuildLiteBehavior [ RunTime:0.000000s ]
INFO: [ app_init ] --END-- [ RunTime:0.000000s ]
INFO: [ app_begin ] --START--
INFO: Run Behavior\ReadHtmlCacheBehavior [ RunTime:0.001000s ]
INFO: [ app_begin ] --END-- [ RunTime:0.001000s ]
SQL: SELECT * FROM `permission` WHERE `id` = 6 LIMIT 1   [ RunTime:0.0010s ]
SQL: SELECT * FROM `permission` WHERE `status` = 1 ORDER BY lft  [ RunTime:0.0000s ]
INFO: [ view_parse ] --START--
INFO: [ template_filter ] --START--
INFO: Run Behavior\ContentReplaceBehavior [ RunTime:0.001000s ]
INFO: [ template_filter ] --END-- [ RunTime:0.001000s ]
INFO: Run Behavior\ParseTemplateBehavior [ RunTime:0.009001s ]
INFO: [ view_parse ] --END-- [ RunTime:0.009001s ]
INFO: [ view_filter ] --START--
INFO: Run Behavior\WriteHtmlCacheBehavior [ RunTime:0.001000s ]
INFO: [ view_filter ] --END-- [ RunTime:0.001000s ]
INFO: [ app_end ] --START--
INFO: Run Behavior\ShowPageTraceBehavior [ RunTime:0.001000s ]
INFO: [ app_end ] --END-- [ RunTime:0.001000s ]

[ 2016-07-01T23:53:21+08:00 ] 127.0.0.1 /permission/edit.html
INFO: [ app_init ] --START--
INFO: Run Behavior\BuildLiteBehavior [ RunTime:0.000000s ]
INFO: [ app_init ] --END-- [ RunTime:0.001000s ]
INFO: [ app_begin ] --START--
INFO: Run Behavior\ReadHtmlCacheBehavior [ RunTime:0.001000s ]
INFO: [ app_begin ] --END-- [ RunTime:0.001000s ]
NOTIC: [8] Undefined index: validate F:\www.zyxm\ThinkPHP\Library\Think\Model.class.php 第 1185 行.
NOTIC: [8] Undefined index: auto F:\www.zyxm\ThinkPHP\Library\Think\Model.class.php 第 1128 行.
SQL: SELECT `parent_id` FROM `permission` WHERE `id` = 6 LIMIT 1   [ RunTime:0.0000s ]
NOTIC: [8] Undefined index: id F:\www.zyxm\admin.zyxm.com\Application\Admin\Model\PermissionModel.class.php 第 42 行.
NOTIC: [4096] Argument 2 passed to Admin\Logic\NestedSets::insert() must be of the type array, string given, called in F:\www.zyxm\admin.zyxm.com\Application\Admin\Model\PermissionModel.class.php on line 42 and defined F:\www.zyxm\admin.zyxm.com\Application\Admin\Logic\NestedSets.class.php 第 183 行.
NOTIC: [4096] Argument 2 passed to Admin\Logic\MySQLLogic::getRow() must be of the type array, string given, called in F:\www.zyxm\admin.zyxm.com\Application\Admin\Logic\NestedSets.class.php on line 573 and defined F:\www.zyxm\admin.zyxm.com\Application\Admin\Logic\MySQLLogic.class.php 第 181 行.
SQL: SELECT parent_id, lft, rght, level FROM permission WHERE id = 0 [ RunTime:0.0000s ]
NOTIC: [4096] Argument 2 passed to Admin\Logic\MySQLLogic::getOne() must be of the type array, string given, called in F:\www.zyxm\admin.zyxm.com\Application\Admin\Logic\NestedSets.class.php on line 196 and defined F:\www.zyxm\admin.zyxm.com\Application\Admin\Logic\MySQLLogic.class.php 第 222 行.
SQL: SELECT MAX(rght) FROM permission [ RunTime:0.0000s ]
NOTIC: [4096] Argument 2 passed to Admin\Logic\MySQLLogic::query() must be of the type array, string given, called in F:\www.zyxm\admin.zyxm.com\Application\Admin\Logic\NestedSets.class.php on line 225 and defined F:\www.zyxm\admin.zyxm.com\Application\Admin\Logic\MySQLLogic.class.php 第 67 行.
SQL: UPDATE permission SET rght = rght + 2, lft = IF(lft >= 9, lft + 2, lft) WHERE rght >= 9 [ RunTime:0.0000s ]
NOTIC: [4096] Argument 2 passed to Admin\Logic\MySQLLogic::insert() must be of the type array, string given, called in F:\www.zyxm\admin.zyxm.com\Application\Admin\Logic\NestedSets.class.php on line 233 and defined F:\www.zyxm\admin.zyxm.com\Application\Admin\Logic\MySQLLogic.class.php 第 102 行.
SQL: INSERT INTO permission SET parent_id="0",lft="9",rght="10",level="1" [ RunTime:0.0010s ]
INFO: [ view_parse ] --START--
INFO: [ template_filter ] --START--
INFO: Run Behavior\ContentReplaceBehavior [ RunTime:0.000000s ]
INFO: [ template_filter ] --END-- [ RunTime:0.000000s ]
INFO: Run Behavior\ParseTemplateBehavior [ RunTime:0.007000s ]
INFO: [ view_parse ] --END-- [ RunTime:0.007000s ]
INFO: [ view_filter ] --START--
INFO: Run Behavior\WriteHtmlCacheBehavior [ RunTime:0.000000s ]
INFO: [ view_filter ] --END-- [ RunTime:0.000000s ]

[ 2016-07-01T23:53:35+08:00 ] 127.0.0.1 /permission/edit.html
INFO: [ app_init ] --START--
INFO: Run Behavior\BuildLiteBehavior [ RunTime:0.000000s ]
INFO: [ app_init ] --END-- [ RunTime:0.000000s ]
INFO: [ app_begin ] --START--
INFO: Run Behavior\ReadHtmlCacheBehavior [ RunTime:0.000000s ]
INFO: [ app_begin ] --END-- [ RunTime:0.001000s ]
NOTIC: [8] Undefined index: validate F:\www.zyxm\ThinkPHP\Library\Think\Model.class.php 第 1185 行.
NOTIC: [8] Undefined index: auto F:\www.zyxm\ThinkPHP\Library\Think\Model.class.php 第 1128 行.
SQL: SELECT `parent_id` FROM `permission` WHERE `id` = 6 LIMIT 1   [ RunTime:0.0010s ]
NOTIC: [8] Undefined index: id F:\www.zyxm\admin.zyxm.com\Application\Admin\Model\PermissionModel.class.php 第 42 行.
NOTIC: [4096] Argument 2 passed to Admin\Logic\NestedSets::insert() must be of the type array, string given, called in F:\www.zyxm\admin.zyxm.com\Application\Admin\Model\PermissionModel.class.php on line 42 and defined F:\www.zyxm\admin.zyxm.com\Application\Admin\Logic\NestedSets.class.php 第 183 行.
NOTIC: [4096] Argument 2 passed to Admin\Logic\MySQLLogic::getRow() must be of the type array, string given, called in F:\www.zyxm\admin.zyxm.com\Application\Admin\Logic\NestedSets.class.php on line 573 and defined F:\www.zyxm\admin.zyxm.com\Application\Admin\Logic\MySQLLogic.class.php 第 181 行.
SQL: SELECT parent_id, lft, rght, level FROM permission WHERE id = 0 [ RunTime:0.0000s ]
NOTIC: [4096] Argument 2 passed to Admin\Logic\MySQLLogic::getOne() must be of the type array, string given, called in F:\www.zyxm\admin.zyxm.com\Application\Admin\Logic\NestedSets.class.php on line 196 and defined F:\www.zyxm\admin.zyxm.com\Application\Admin\Logic\MySQLLogic.class.php 第 222 行.
SQL: SELECT MAX(rght) FROM permission [ RunTime:0.0000s ]
NOTIC: [4096] Argument 2 passed to Admin\Logic\MySQLLogic::query() must be of the type array, string given, called in F:\www.zyxm\admin.zyxm.com\Application\Admin\Logic\NestedSets.class.php on line 225 and defined F:\www.zyxm\admin.zyxm.com\Application\Admin\Logic\MySQLLogic.class.php 第 67 行.
SQL: UPDATE permission SET rght = rght + 2, lft = IF(lft >= 11, lft + 2, lft) WHERE rght >= 11 [ RunTime:0.0010s ]
NOTIC: [4096] Argument 2 passed to Admin\Logic\MySQLLogic::insert() must be of the type array, string given, called in F:\www.zyxm\admin.zyxm.com\Application\Admin\Logic\NestedSets.class.php on line 233 and defined F:\www.zyxm\admin.zyxm.com\Application\Admin\Logic\MySQLLogic.class.php 第 102 行.
SQL: INSERT INTO permission SET parent_id="0",lft="11",rght="12",level="1" [ RunTime:0.0010s ]
INFO: [ view_parse ] --START--
INFO: [ template_filter ] --START--
INFO: Run Behavior\ContentReplaceBehavior [ RunTime:0.000000s ]
INFO: [ template_filter ] --END-- [ RunTime:0.000000s ]
INFO: Run Behavior\ParseTemplateBehavior [ RunTime:0.007001s ]
INFO: [ view_parse ] --END-- [ RunTime:0.007001s ]
INFO: [ view_filter ] --START--
INFO: Run Behavior\WriteHtmlCacheBehavior [ RunTime:0.000000s ]
INFO: [ view_filter ] --END-- [ RunTime:0.000000s ]

[ 2016-07-01T23:53:59+08:00 ] 127.0.0.1 /permission/edit.html
INFO: [ app_init ] --START--
INFO: Run Behavior\BuildLiteBehavior [ RunTime:0.000000s ]
INFO: [ app_init ] --END-- [ RunTime:0.000000s ]
INFO: [ app_begin ] --START--
INFO: Run Behavior\ReadHtmlCacheBehavior [ RunTime:0.001000s ]
INFO: [ app_begin ] --END-- [ RunTime:0.001000s ]
NOTIC: [8] Undefined index: validate F:\www.zyxm\ThinkPHP\Library\Think\Model.class.php 第 1185 行.
NOTIC: [8] Undefined index: auto F:\www.zyxm\ThinkPHP\Library\Think\Model.class.php 第 1128 行.
SQL: SELECT `parent_id` FROM `permission` WHERE `id` = 6 LIMIT 1   [ RunTime:0.0010s ]
NOTIC: [8] Undefined index: id F:\www.zyxm\admin.zyxm.com\Application\Admin\Model\PermissionModel.class.php 第 42 行.
NOTIC: [4096] Argument 2 passed to Admin\Logic\NestedSets::insert() must be of the type array, string given, called in F:\www.zyxm\admin.zyxm.com\Application\Admin\Model\PermissionModel.class.php on line 42 and defined F:\www.zyxm\admin.zyxm.com\Application\Admin\Logic\NestedSets.class.php 第 183 行.
NOTIC: [4096] Argument 2 passed to Admin\Logic\MySQLLogic::getRow() must be of the type array, string given, called in F:\www.zyxm\admin.zyxm.com\Application\Admin\Logic\NestedSets.class.php on line 573 and defined F:\www.zyxm\admin.zyxm.com\Application\Admin\Logic\MySQLLogic.class.php 第 181 行.
SQL: SELECT parent_id, lft, rght, level FROM permission WHERE id = 0 [ RunTime:0.0010s ]
NOTIC: [4096] Argument 2 passed to Admin\Logic\MySQLLogic::getOne() must be of the type array, string given, called in F:\www.zyxm\admin.zyxm.com\Application\Admin\Logic\NestedSets.class.php on line 196 and defined F:\www.zyxm\admin.zyxm.com\Application\Admin\Logic\MySQLLogic.class.php 第 222 行.
SQL: SELECT MAX(rght) FROM permission [ RunTime:0.0000s ]
NOTIC: [4096] Argument 2 passed to Admin\Logic\MySQLLogic::query() must be of the type array, string given, called in F:\www.zyxm\admin.zyxm.com\Application\Admin\Logic\NestedSets.class.php on line 225 and defined F:\www.zyxm\admin.zyxm.com\Application\Admin\Logic\MySQLLogic.class.php 第 67 行.
SQL: UPDATE permission SET rght = rght + 2, lft = IF(lft >= 13, lft + 2, lft) WHERE rght >= 13 [ RunTime:0.0010s ]
NOTIC: [4096] Argument 2 passed to Admin\Logic\MySQLLogic::insert() must be of the type array, string given, called in F:\www.zyxm\admin.zyxm.com\Application\Admin\Logic\NestedSets.class.php on line 233 and defined F:\www.zyxm\admin.zyxm.com\Application\Admin\Logic\MySQLLogic.class.php 第 102 行.
SQL: INSERT INTO permission SET parent_id="0",lft="13",rght="14",level="1" [ RunTime:0.0010s ]
INFO: [ view_parse ] --START--
INFO: [ template_filter ] --START--
INFO: Run Behavior\ContentReplaceBehavior [ RunTime:0.000000s ]
INFO: [ template_filter ] --END-- [ RunTime:0.000000s ]
INFO: Run Behavior\ParseTemplateBehavior [ RunTime:0.007000s ]
INFO: [ view_parse ] --END-- [ RunTime:0.007000s ]
INFO: [ view_filter ] --START--
INFO: Run Behavior\WriteHtmlCacheBehavior [ RunTime:0.000000s ]
INFO: [ view_filter ] --END-- [ RunTime:0.001000s ]

[ 2016-07-01T23:54:46+08:00 ] 127.0.0.1 /permission/edit.html
INFO: [ app_init ] --START--
INFO: Run Behavior\BuildLiteBehavior [ RunTime:0.000000s ]
INFO: [ app_init ] --END-- [ RunTime:0.000000s ]
INFO: [ app_begin ] --START--
INFO: Run Behavior\ReadHtmlCacheBehavior [ RunTime:0.001000s ]
INFO: [ app_begin ] --END-- [ RunTime:0.001000s ]
NOTIC: [8] Undefined index: validate F:\www.zyxm\ThinkPHP\Library\Think\Model.class.php 第 1185 行.
NOTIC: [8] Undefined index: auto F:\www.zyxm\ThinkPHP\Library\Think\Model.class.php 第 1128 行.
SQL: SELECT `parent_id` FROM `permission` WHERE `id` = 6 LIMIT 1   [ RunTime:0.0010s ]
NOTIC: [4096] Argument 2 passed to Admin\Logic\NestedSets::insert() must be of the type array, string given, called in F:\www.zyxm\admin.zyxm.com\Application\Admin\Model\PermissionModel.class.php on line 42 and defined F:\www.zyxm\admin.zyxm.com\Application\Admin\Logic\NestedSets.class.php 第 183 行.
NOTIC: [4096] Argument 2 passed to Admin\Logic\MySQLLogic::getRow() must be of the type array, string given, called in F:\www.zyxm\admin.zyxm.com\Application\Admin\Logic\NestedSets.class.php on line 573 and defined F:\www.zyxm\admin.zyxm.com\Application\Admin\Logic\MySQLLogic.class.php 第 181 行.
SQL: SELECT parent_id, lft, rght, level FROM permission WHERE id = 6 [ RunTime:0.0000s ]
NOTIC: [4096] Argument 2 passed to Admin\Logic\MySQLLogic::getRow() must be of the type array, string given, called in F:\www.zyxm\admin.zyxm.com\Application\Admin\Logic\NestedSets.class.php on line 207 and defined F:\www.zyxm\admin.zyxm.com\Application\Admin\Logic\MySQLLogic.class.php 第 181 行.
SQL: SELECT rght, lft, level FROM permission WHERE id = 6 [ RunTime:0.0010s ]
NOTIC: [4096] Argument 2 passed to Admin\Logic\MySQLLogic::query() must be of the type array, string given, called in F:\www.zyxm\admin.zyxm.com\Application\Admin\Logic\NestedSets.class.php on line 225 and defined F:\www.zyxm\admin.zyxm.com\Application\Admin\Logic\MySQLLogic.class.php 第 67 行.
SQL: UPDATE permission SET rght = rght + 2, lft = IF(lft >= 3, lft + 2, lft) WHERE rght >= 3 [ RunTime:0.0010s ]
NOTIC: [4096] Argument 2 passed to Admin\Logic\MySQLLogic::insert() must be of the type array, string given, called in F:\www.zyxm\admin.zyxm.com\Application\Admin\Logic\NestedSets.class.php on line 233 and defined F:\www.zyxm\admin.zyxm.com\Application\Admin\Logic\MySQLLogic.class.php 第 102 行.
SQL: INSERT INTO permission SET parent_id="6",lft="3",rght="4",level="3" [ RunTime:0.0010s ]
INFO: [ view_parse ] --START--
INFO: [ template_filter ] --START--
INFO: Run Behavior\ContentReplaceBehavior [ RunTime:0.000000s ]
INFO: [ template_filter ] --END-- [ RunTime:0.000000s ]
INFO: Run Behavior\ParseTemplateBehavior [ RunTime:0.007001s ]
INFO: [ view_parse ] --END-- [ RunTime:0.007001s ]
INFO: [ view_filter ] --START--
INFO: Run Behavior\WriteHtmlCacheBehavior [ RunTime:0.001000s ]
INFO: [ view_filter ] --END-- [ RunTime:0.001000s ]

[ 2016-07-01T23:55:46+08:00 ] 127.0.0.1 /permission/edit/id/6.html
INFO: [ app_init ] --START--
INFO: Run Behavior\BuildLiteBehavior [ RunTime:0.000000s ]
INFO: [ app_init ] --END-- [ RunTime:0.000000s ]
INFO: [ app_begin ] --START--
INFO: Run Behavior\ReadHtmlCacheBehavior [ RunTime:0.001000s ]
INFO: [ app_begin ] --END-- [ RunTime:0.001000s ]
SQL: SELECT * FROM `permission` WHERE `id` = 6 LIMIT 1   [ RunTime:0.0010s ]
SQL: SELECT * FROM `permission` WHERE `status` = 1 ORDER BY lft  [ RunTime:0.0000s ]
INFO: [ view_parse ] --START--
INFO: [ template_filter ] --START--
INFO: Run Behavior\ContentReplaceBehavior [ RunTime:0.000000s ]
INFO: [ template_filter ] --END-- [ RunTime:0.001000s ]
INFO: Run Behavior\ParseTemplateBehavior [ RunTime:0.010001s ]
INFO: [ view_parse ] --END-- [ RunTime:0.010001s ]
INFO: [ view_filter ] --START--
INFO: Run Behavior\WriteHtmlCacheBehavior [ RunTime:0.000000s ]
INFO: [ view_filter ] --END-- [ RunTime:0.001000s ]
INFO: [ app_end ] --START--
INFO: Run Behavior\ShowPageTraceBehavior [ RunTime:0.001000s ]
INFO: [ app_end ] --END-- [ RunTime:0.001000s ]

